Using pre-set license
Built from '6000.0/staging' branch; Version is '6000.0.26f1 (ccb7c73d2c02) revision 13416391'; Using compiler version '193933523'; Build Type 'Release'
OS: 'Windows 11  (10.0.22631) 64bit Core' Language: 'en' Physical Memory: 16303 MB
BatchMode: 1, IsHumanControllingUs: 0, StartBugReporterOnCrash: 0, Is64bit: 1, IsPro: 1

COMMAND LINE ARGUMENTS:
C:\Program Files\Unity\Hub\Editor\6000.0.26f1\Editor\Unity.exe
-adb2
-batchMode
-noUpm
-name
AssetImportWorker11
-projectPath
C:/Users/Chantelle/Documents/Github/breakthrough/breakthrough
-logFile
Logs/AssetImportWorker11.log
-srvPort
54717
-job-worker-count
7
-background-job-worker-count
8
-asset-garbage-collectors
1
Successfully changed project path to: C:/Users/Chantelle/Documents/Github/breakthrough/breakthrough
C:/Users/Chantelle/Documents/Github/breakthrough/breakthrough
[UnityMemory] Configuration Parameters - Can be set up in boot.config
    "memorysetup-bucket-allocator-granularity=16"
    "memorysetup-bucket-allocator-bucket-count=8"
    "memorysetup-bucket-allocator-block-size=33554432"
    "memorysetup-bucket-allocator-block-count=8"
    "memorysetup-main-allocator-block-size=16777216"
    "memorysetup-thread-allocator-block-size=16777216"
    "memorysetup-gfx-main-allocator-block-size=16777216"
    "memorysetup-gfx-thread-allocator-block-size=16777216"
    "memorysetup-cache-allocator-block-size=4194304"
    "memorysetup-typetree-allocator-block-size=2097152"
    "memorysetup-profiler-bucket-allocator-granularity=16"
    "memorysetup-profiler-bucket-allocator-bucket-count=8"
    "memorysetup-profiler-bucket-allocator-block-size=33554432"
    "memorysetup-profiler-bucket-allocator-block-count=8"
    "memorysetup-profiler-allocator-block-size=16777216"
    "memorysetup-profiler-editor-allocator-block-size=1048576"
    "memorysetup-temp-allocator-size-main=16777216"
    "memorysetup-job-temp-allocator-block-size=2097152"
    "memorysetup-job-temp-allocator-block-size-background=1048576"
    "memorysetup-job-temp-allocator-reduction-small-platforms=262144"
    "memorysetup-allocator-temp-initial-block-size-main=262144"
    "memorysetup-allocator-temp-initial-block-size-worker=262144"
    "memorysetup-temp-allocator-size-background-worker=32768"
    "memorysetup-temp-allocator-size-job-worker=262144"
    "memorysetup-temp-allocator-size-preload-manager=33554432"
    "memorysetup-temp-allocator-size-nav-mesh-worker=65536"
    "memorysetup-temp-allocator-size-audio-worker=65536"
    "memorysetup-temp-allocator-size-cloud-worker=32768"
    "memorysetup-temp-allocator-size-gi-baking-worker=262144"
    "memorysetup-temp-allocator-size-gi-baking-worker=262144"
    "memorysetup-temp-allocator-size-gi-baking-worker=262144"
    "memorysetup-temp-allocator-size-gi-baking-worker=262144"
    "memorysetup-temp-allocator-size-gi-baking-worker=262144"
    "memorysetup-temp-allocator-size-gfx=262144"
Player connection [12440]  Target information:

Player connection [12440]  * "[IP] 192.168.1.38 [Port] 0 [Flags] 2 [Guid] 897542890 [EditorId] 897542890 [Version] 1048832 [Id] WindowsEditor(7,DESKTOP-NHADGTT) [Debug] 1 [PackageName] WindowsEditor [ProjectName] Editor" 

Player connection [12440] Host joined multi-casting on [225.0.0.222:54997]...
Player connection [12440] Host joined alternative multi-casting on [225.0.0.222:34997]...
JobSystem: Creating JobQueue using job-worker-count value 7
[Physics::Module] Initialized fallback backend.
[Physics::Module] Id: 0xdecafbad
Library Redirect Path: Library/
[Physics::Module] Selected backend.
[Physics::Module] Name: PhysX
[Physics::Module] Id: 0xf2b8ea05
[Physics::Module] SDK Version: 4.1.2
[Physics::Module] Integration Version: 1.0.0
[Physics::Module] Threading Mode: Multi-Threaded
Refreshing native plugins compatible for Editor in 2.73 ms, found 4 plugins.
Preloading 0 native plugins for Editor in 0.00 ms.
Initialize engine version: 6000.0.26f1 (ccb7c73d2c02)
[Subsystems] Discovering subsystems at path C:/Program Files/Unity/Hub/Editor/6000.0.26f1/Editor/Data/Resources/UnitySubsystems
[Subsystems] Discovering subsystems at path C:/Users/Chantelle/Documents/Github/breakthrough/breakthrough/Assets
GfxDevice: creating device client; kGfxThreadingModeNonThreaded
Direct3D:
    Version:  Direct3D 11.0 [level 11.1]
    Renderer: Radeon RX 570 Series (ID=0x67df)
    Vendor:   ATI
    VRAM:     4075 MB
    Driver:   30.0.13023.4001
Shader Hidden/ProbeVolume/VoxelizeScene is not supported: GPU does not support conservative rasterization
Initialize mono
Mono path[0] = 'C:/Program Files/Unity/Hub/Editor/6000.0.26f1/Editor/Data/Managed'
Mono path[1] = 'C:/Program Files/Unity/Hub/Editor/6000.0.26f1/Editor/Data/MonoBleedingEdge/lib/mono/unityjit-win32'
Mono config path = 'C:/Program Files/Unity/Hub/Editor/6000.0.26f1/Editor/Data/MonoBleedingEdge/etc'
Using monoOptions --debugger-agent=transport=dt_socket,embedding=1,server=y,suspend=n,address=127.0.0.1:56012
Begin MonoManager ReloadAssembly
Registering precompiled unity dll's ...
Register platform support module: C:/Program Files/Unity/Hub/Editor/6000.0.26f1/Editor/Data/PlaybackEngines/WindowsStandaloneSupport/UnityEditor.WindowsStandalone.Extensions.dll
Registered in 0.003236 seconds.
- Loaded All Assemblies, in  0.438 seconds
Native extension for WindowsStandalone target not found
Mono: successfully reloaded assembly
- Finished resetting the current domain, in  0.323 seconds
Domain Reload Profiling: 758ms
	BeginReloadAssembly (157ms)
		ExecutionOrderSort (0ms)
		DisableScriptedObjects (0ms)
		BackupInstance (0ms)
		ReleaseScriptingObjects (0ms)
		CreateAndSetChildDomain (1ms)
	RebuildCommonClasses (42ms)
	RebuildNativeTypeToScriptingClass (14ms)
	initialDomainReloadingComplete (53ms)
	LoadAllAssembliesAndSetupDomain (169ms)
		LoadAssemblies (152ms)
		RebuildTransferFunctionScriptingTraits (0ms)
		AnalyzeDomain (166ms)
			TypeCache.Refresh (164ms)
				TypeCache.ScanAssembly (150ms)
			BuildScriptInfoCaches (0ms)
			ResolveRequiredComponents (0ms)
	FinalizeReload (323ms)
		ReleaseScriptCaches (0ms)
		RebuildScriptCaches (0ms)
		SetupLoadedEditorAssemblies (278ms)
			LogAssemblyErrors (0ms)
			InitializePlatformSupportModulesInManaged (26ms)
			SetLoadedEditorAssemblies (4ms)
			BeforeProcessingInitializeOnLoad (6ms)
			ProcessInitializeOnLoadAttributes (174ms)
			ProcessInitializeOnLoadMethodAttributes (64ms)
			AfterProcessingInitializeOnLoad (3ms)
			EditorAssembliesLoaded (0ms)
		ExecutionOrderSort2 (0ms)
		AwakeInstancesAfterBackupRestoration (0ms)
========================================================================
Worker process is ready to serve import requests
Import Worker Mode flag is 0x00
Begin MonoManager ReloadAssembly
- Loaded All Assemblies, in  1.133 seconds
Refreshing native plugins compatible for Editor in 1.70 ms, found 4 plugins.
Native extension for WindowsStandalone target not found
Mono: successfully reloaded assembly
- Finished resetting the current domain, in  0.930 seconds
Domain Reload Profiling: 2052ms
	BeginReloadAssembly (402ms)
		ExecutionOrderSort (0ms)
		DisableScriptedObjects (6ms)
		BackupInstance (0ms)
		ReleaseScriptingObjects (0ms)
		CreateAndSetChildDomain (31ms)
	RebuildCommonClasses (37ms)
	RebuildNativeTypeToScriptingClass (12ms)
	initialDomainReloadingComplete (39ms)
	LoadAllAssembliesAndSetupDomain (631ms)
		LoadAssemblies (425ms)
		RebuildTransferFunctionScriptingTraits (0ms)
		AnalyzeDomain (330ms)
			TypeCache.Refresh (203ms)
				TypeCache.ScanAssembly (185ms)
			BuildScriptInfoCaches (112ms)
			ResolveRequiredComponents (12ms)
	FinalizeReload (931ms)
		ReleaseScriptCaches (0ms)
		RebuildScriptCaches (0ms)
		SetupLoadedEditorAssemblies (693ms)
			LogAssemblyErrors (0ms)
			InitializePlatformSupportModulesInManaged (2ms)
			SetLoadedEditorAssemblies (6ms)
			BeforeProcessingInitializeOnLoad (75ms)
			ProcessInitializeOnLoadAttributes (488ms)
			ProcessInitializeOnLoadMethodAttributes (112ms)
			AfterProcessingInitializeOnLoad (10ms)
			EditorAssembliesLoaded (0ms)
		ExecutionOrderSort2 (0ms)
		AwakeInstancesAfterBackupRestoration (7ms)
Shader Hidden/ProbeVolume/VoxelizeScene is not supported: GPU does not support conservative rasterization
Launched and connected shader compiler UnityShaderCompiler.exe after 0.01 seconds
Refreshing native plugins compatible for Editor in 1.93 ms, found 4 plugins.
Preloading 0 native plugins for Editor in 0.00 ms.
Unloading 217 Unused Serialized files (Serialized files now loaded: 0)
Unloading 6559 unused Assets / (4.7 MB). Loaded Objects now: 7352.
Memory consumption went from 207.7 MB to 203.0 MB.
Total: 9.784500 ms (FindLiveObjects: 0.751300 ms CreateObjectMapping: 1.059500 ms MarkObjects: 5.237300 ms  DeleteObjects: 2.735300 ms)

========================================================================
Received Prepare
Assembly with name '2DHandPaintedEditor' already exists (Assets/all the art stuff/2D Hand Painted/$Common/Editor/2D Hand Painted Editor.asmdef)
Assembly with name '2DHandPaintedEditor' already exists (Assets/art/2D Hand Painted/$Common/Editor/2D Hand Painted Editor.asmdef)
Assembly with name 'com.ccadori.vectorforestscenery.Runtime' already exists (Assets/all the art stuff/ccadori/Vector Forest Scenery/Runtime/com.ccadori.vectorforestscenery.Runtime.asmdef)
Assembly with name 'com.ccadori.vectorforestscenery.Runtime' already exists (Assets/art/ccadori/Vector Forest Scenery/Runtime/com.ccadori.vectorforestscenery.Runtime.asmdef)
Assembly with name 'com.ccadori.vectorforestscenerydemo.Runtime' already exists (Assets/art/ccadori/Vector Forest Scenery/Demo/Runtime/com.ccadori.vectorforestscenerydemo.Runtime.asmdef)
Assembly with name 'com.ccadori.vectorforestscenerydemo.Runtime' already exists (Assets/all the art stuff/ccadori/Vector Forest Scenery/Demo/Runtime/com.ccadori.vectorforestscenerydemo.Runtime.asmdef)
Assembly with name '2DHandPainted' already exists (Assets/all the art stuff/2D Hand Painted/2D Hand Painted.asmdef)
Assembly with name '2DHandPainted' already exists (Assets/art/2D Hand Painted/2D Hand Painted.asmdef)
Assembly with name '2DHandPaintedEditor' already exists (Assets/all the art stuff/2D Hand Painted/$Common/Editor/2D Hand Painted Editor.asmdef)
Assembly with name '2DHandPaintedEditor' already exists (Assets/art/2D Hand Painted/$Common/Editor/2D Hand Painted Editor.asmdef)
Assembly with name 'com.ccadori.vectorforestscenery.Runtime' already exists (Assets/all the art stuff/ccadori/Vector Forest Scenery/Runtime/com.ccadori.vectorforestscenery.Runtime.asmdef)
Assembly with name 'com.ccadori.vectorforestscenery.Runtime' already exists (Assets/art/ccadori/Vector Forest Scenery/Runtime/com.ccadori.vectorforestscenery.Runtime.asmdef)
Assembly with name 'com.ccadori.vectorforestscenerydemo.Runtime' already exists (Assets/art/ccadori/Vector Forest Scenery/Demo/Runtime/com.ccadori.vectorforestscenerydemo.Runtime.asmdef)
Assembly with name 'com.ccadori.vectorforestscenerydemo.Runtime' already exists (Assets/all the art stuff/ccadori/Vector Forest Scenery/Demo/Runtime/com.ccadori.vectorforestscenerydemo.Runtime.asmdef)
Assembly with name '2DHandPainted' already exists (Assets/all the art stuff/2D Hand Painted/2D Hand Painted.asmdef)
Assembly with name '2DHandPainted' already exists (Assets/art/2D Hand Painted/2D Hand Painted.asmdef)
Begin MonoManager ReloadAssembly
- Loaded All Assemblies, in  0.815 seconds
Assembly with name '2DHandPaintedEditor' already exists (Assets/all the art stuff/2D Hand Painted/$Common/Editor/2D Hand Painted Editor.asmdef)
Assembly with name '2DHandPaintedEditor' already exists (Assets/art/2D Hand Painted/$Common/Editor/2D Hand Painted Editor.asmdef)
Assembly with name 'com.ccadori.vectorforestscenery.Runtime' already exists (Assets/all the art stuff/ccadori/Vector Forest Scenery/Runtime/com.ccadori.vectorforestscenery.Runtime.asmdef)
Assembly with name 'com.ccadori.vectorforestscenery.Runtime' already exists (Assets/art/ccadori/Vector Forest Scenery/Runtime/com.ccadori.vectorforestscenery.Runtime.asmdef)
Assembly with name 'com.ccadori.vectorforestscenerydemo.Runtime' already exists (Assets/art/ccadori/Vector Forest Scenery/Demo/Runtime/com.ccadori.vectorforestscenerydemo.Runtime.asmdef)
Assembly with name 'com.ccadori.vectorforestscenerydemo.Runtime' already exists (Assets/all the art stuff/ccadori/Vector Forest Scenery/Demo/Runtime/com.ccadori.vectorforestscenerydemo.Runtime.asmdef)
Assembly with name '2DHandPainted' already exists (Assets/all the art stuff/2D Hand Painted/2D Hand Painted.asmdef)
Assembly with name '2DHandPainted' already exists (Assets/art/2D Hand Painted/2D Hand Painted.asmdef)
Refreshing native plugins compatible for Editor in 1.79 ms, found 4 plugins.
Native extension for WindowsStandalone target not found
Assembly with name '2DHandPaintedEditor' already exists (Assets/all the art stuff/2D Hand Painted/$Common/Editor/2D Hand Painted Editor.asmdef)
Assembly with name '2DHandPaintedEditor' already exists (Assets/art/2D Hand Painted/$Common/Editor/2D Hand Painted Editor.asmdef)
Assembly with name 'com.ccadori.vectorforestscenery.Runtime' already exists (Assets/all the art stuff/ccadori/Vector Forest Scenery/Runtime/com.ccadori.vectorforestscenery.Runtime.asmdef)
Assembly with name 'com.ccadori.vectorforestscenery.Runtime' already exists (Assets/art/ccadori/Vector Forest Scenery/Runtime/com.ccadori.vectorforestscenery.Runtime.asmdef)
Assembly with name 'com.ccadori.vectorforestscenerydemo.Runtime' already exists (Assets/art/ccadori/Vector Forest Scenery/Demo/Runtime/com.ccadori.vectorforestscenerydemo.Runtime.asmdef)
Assembly with name 'com.ccadori.vectorforestscenerydemo.Runtime' already exists (Assets/all the art stuff/ccadori/Vector Forest Scenery/Demo/Runtime/com.ccadori.vectorforestscenerydemo.Runtime.asmdef)
Assembly with name '2DHandPainted' already exists (Assets/all the art stuff/2D Hand Painted/2D Hand Painted.asmdef)
Assembly with name '2DHandPainted' already exists (Assets/art/2D Hand Painted/2D Hand Painted.asmdef)
Mono: successfully reloaded assembly
- Finished resetting the current domain, in  0.967 seconds
Domain Reload Profiling: 1780ms
	BeginReloadAssembly (225ms)
		ExecutionOrderSort (0ms)
		DisableScriptedObjects (14ms)
		BackupInstance (0ms)
		ReleaseScriptingObjects (0ms)
		CreateAndSetChildDomain (55ms)
	RebuildCommonClasses (42ms)
	RebuildNativeTypeToScriptingClass (13ms)
	initialDomainReloadingComplete (29ms)
	LoadAllAssembliesAndSetupDomain (502ms)
		LoadAssemblies (362ms)
		RebuildTransferFunctionScriptingTraits (0ms)
		AnalyzeDomain (242ms)
			TypeCache.Refresh (10ms)
				TypeCache.ScanAssembly (1ms)
			BuildScriptInfoCaches (217ms)
			ResolveRequiredComponents (11ms)
	FinalizeReload (968ms)
		ReleaseScriptCaches (0ms)
		RebuildScriptCaches (0ms)
		SetupLoadedEditorAssemblies (670ms)
			LogAssemblyErrors (0ms)
			InitializePlatformSupportModulesInManaged (2ms)
			SetLoadedEditorAssemblies (6ms)
			BeforeProcessingInitializeOnLoad (76ms)
			ProcessInitializeOnLoadAttributes (516ms)
			ProcessInitializeOnLoadMethodAttributes (58ms)
			AfterProcessingInitializeOnLoad (11ms)
			EditorAssembliesLoaded (0ms)
		ExecutionOrderSort2 (0ms)
		AwakeInstancesAfterBackupRestoration (11ms)
Shader Hidden/ProbeVolume/VoxelizeScene is not supported: GPU does not support conservative rasterization
Refreshing native plugins compatible for Editor in 3.08 ms, found 4 plugins.
Preloading 0 native plugins for Editor in 0.00 ms.
Unloading 13 Unused Serialized files (Serialized files now loaded: 0)
Unloading 6557 unused Assets / (4.6 MB). Loaded Objects now: 7355.
Memory consumption went from 175.8 MB to 171.3 MB.
Total: 13.414800 ms (FindLiveObjects: 1.019100 ms CreateObjectMapping: 2.110400 ms MarkObjects: 7.248800 ms  DeleteObjects: 3.035000 ms)

Prepare: number of updated asset objects reloaded= 0
