Using pre-set license
Built from '6000.0/staging' branch; Version is '6000.0.26f1 (ccb7c73d2c02) revision 13416391'; Using compiler version '193933523'; Build Type 'Release'
OS: 'Windows 11  (10.0.22631) 64bit Core' Language: 'en' Physical Memory: 16303 MB
BatchMode: 1, IsHumanControllingUs: 0, StartBugReporterOnCrash: 0, Is64bit: 1, IsPro: 1

COMMAND LINE ARGUMENTS:
C:\Program Files\Unity\Hub\Editor\6000.0.26f1\Editor\Unity.exe
-adb2
-batchMode
-noUpm
-name
AssetImportWorker10
-projectPath
C:/Users/Chantelle/Documents/Github/breakthrough/breakthrough
-logFile
Logs/AssetImportWorker10.log
-srvPort
54717
-job-worker-count
7
-background-job-worker-count
8
-asset-garbage-collectors
1
Successfully changed project path to: C:/Users/Chantelle/Documents/Github/breakthrough/breakthrough
C:/Users/Chantelle/Documents/Github/breakthrough/breakthrough
[UnityMemory] Configuration Parameters - Can be set up in boot.config
    "memorysetup-bucket-allocator-granularity=16"
    "memorysetup-bucket-allocator-bucket-count=8"
    "memorysetup-bucket-allocator-block-size=33554432"
    "memorysetup-bucket-allocator-block-count=8"
    "memorysetup-main-allocator-block-size=16777216"
    "memorysetup-thread-allocator-block-size=16777216"
    "memorysetup-gfx-main-allocator-block-size=16777216"
    "memorysetup-gfx-thread-allocator-block-size=16777216"
    "memorysetup-cache-allocator-block-size=4194304"
    "memorysetup-typetree-allocator-block-size=2097152"
    "memorysetup-profiler-bucket-allocator-granularity=16"
    "memorysetup-profiler-bucket-allocator-bucket-count=8"
    "memorysetup-profiler-bucket-allocator-block-size=33554432"
    "memorysetup-profiler-bucket-allocator-block-count=8"
    "memorysetup-profiler-allocator-block-size=16777216"
    "memorysetup-profiler-editor-allocator-block-size=1048576"
    "memorysetup-temp-allocator-size-main=16777216"
    "memorysetup-job-temp-allocator-block-size=2097152"
    "memorysetup-job-temp-allocator-block-size-background=1048576"
    "memorysetup-job-temp-allocator-reduction-small-platforms=262144"
    "memorysetup-allocator-temp-initial-block-size-main=262144"
    "memorysetup-allocator-temp-initial-block-size-worker=262144"
    "memorysetup-temp-allocator-size-background-worker=32768"
    "memorysetup-temp-allocator-size-job-worker=262144"
    "memorysetup-temp-allocator-size-preload-manager=33554432"
    "memorysetup-temp-allocator-size-nav-mesh-worker=65536"
    "memorysetup-temp-allocator-size-audio-worker=65536"
    "memorysetup-temp-allocator-size-cloud-worker=32768"
    "memorysetup-temp-allocator-size-gi-baking-worker=262144"
    "memorysetup-temp-allocator-size-gi-baking-worker=262144"
    "memorysetup-temp-allocator-size-gi-baking-worker=262144"
    "memorysetup-temp-allocator-size-gi-baking-worker=262144"
    "memorysetup-temp-allocator-size-gi-baking-worker=262144"
    "memorysetup-temp-allocator-size-gfx=262144"
Player connection [11804]  Target information:

Player connection [11804]  * "[IP] 192.168.1.38 [Port] 0 [Flags] 2 [Guid] 1679698837 [EditorId] 1679698837 [Version] 1048832 [Id] WindowsEditor(7,DESKTOP-NHADGTT) [Debug] 1 [PackageName] WindowsEditor [ProjectName] Editor" 

Player connection [11804] Host joined multi-casting on [225.0.0.222:54997]...
Player connection [11804] Host joined alternative multi-casting on [225.0.0.222:34997]...
JobSystem: Creating JobQueue using job-worker-count value 7
[Physics::Module] Initialized fallback backend.
[Physics::Module] Id: 0xdecafbad
Library Redirect Path: Library/
[Physics::Module] Selected backend.
[Physics::Module] Name: PhysX
[Physics::Module] Id: 0xf2b8ea05
[Physics::Module] SDK Version: 4.1.2
[Physics::Module] Integration Version: 1.0.0
[Physics::Module] Threading Mode: Multi-Threaded
Refreshing native plugins compatible for Editor in 2.78 ms, found 4 plugins.
Preloading 0 native plugins for Editor in 0.00 ms.
Initialize engine version: 6000.0.26f1 (ccb7c73d2c02)
[Subsystems] Discovering subsystems at path C:/Program Files/Unity/Hub/Editor/6000.0.26f1/Editor/Data/Resources/UnitySubsystems
[Subsystems] Discovering subsystems at path C:/Users/Chantelle/Documents/Github/breakthrough/breakthrough/Assets
GfxDevice: creating device client; kGfxThreadingModeNonThreaded
Direct3D:
    Version:  Direct3D 11.0 [level 11.1]
    Renderer: Radeon RX 570 Series (ID=0x67df)
    Vendor:   ATI
    VRAM:     4075 MB
    Driver:   30.0.13023.4001
Shader Hidden/ProbeVolume/VoxelizeScene is not supported: GPU does not support conservative rasterization
Initialize mono
Mono path[0] = 'C:/Program Files/Unity/Hub/Editor/6000.0.26f1/Editor/Data/Managed'
Mono path[1] = 'C:/Program Files/Unity/Hub/Editor/6000.0.26f1/Editor/Data/MonoBleedingEdge/lib/mono/unityjit-win32'
Mono config path = 'C:/Program Files/Unity/Hub/Editor/6000.0.26f1/Editor/Data/MonoBleedingEdge/etc'
Using monoOptions --debugger-agent=transport=dt_socket,embedding=1,server=y,suspend=n,address=127.0.0.1:56984
Begin MonoManager ReloadAssembly
Registering precompiled unity dll's ...
Register platform support module: C:/Program Files/Unity/Hub/Editor/6000.0.26f1/Editor/Data/PlaybackEngines/WindowsStandaloneSupport/UnityEditor.WindowsStandalone.Extensions.dll
Registered in 0.003092 seconds.
- Loaded All Assemblies, in  0.429 seconds
Native extension for WindowsStandalone target not found
Mono: successfully reloaded assembly
- Finished resetting the current domain, in  0.397 seconds
Domain Reload Profiling: 824ms
	BeginReloadAssembly (138ms)
		ExecutionOrderSort (0ms)
		DisableScriptedObjects (0ms)
		BackupInstance (0ms)
		ReleaseScriptingObjects (0ms)
		CreateAndSetChildDomain (1ms)
	RebuildCommonClasses (42ms)
	RebuildNativeTypeToScriptingClass (13ms)
	initialDomainReloadingComplete (53ms)
	LoadAllAssembliesAndSetupDomain (180ms)
		LoadAssemblies (134ms)
		RebuildTransferFunctionScriptingTraits (0ms)
		AnalyzeDomain (177ms)
			TypeCache.Refresh (175ms)
				TypeCache.ScanAssembly (160ms)
			BuildScriptInfoCaches (0ms)
			ResolveRequiredComponents (1ms)
	FinalizeReload (398ms)
		ReleaseScriptCaches (0ms)
		RebuildScriptCaches (0ms)
		SetupLoadedEditorAssemblies (339ms)
			LogAssemblyErrors (0ms)
			InitializePlatformSupportModulesInManaged (33ms)
			SetLoadedEditorAssemblies (7ms)
			BeforeProcessingInitializeOnLoad (8ms)
			ProcessInitializeOnLoadAttributes (213ms)
			ProcessInitializeOnLoadMethodAttributes (74ms)
			AfterProcessingInitializeOnLoad (4ms)
			EditorAssembliesLoaded (0ms)
		ExecutionOrderSort2 (0ms)
		AwakeInstancesAfterBackupRestoration (0ms)
========================================================================
Worker process is ready to serve import requests
Import Worker Mode flag is 0x00
Begin MonoManager ReloadAssembly
- Loaded All Assemblies, in  1.213 seconds
Refreshing native plugins compatible for Editor in 2.00 ms, found 4 plugins.
Native extension for WindowsStandalone target not found
Mono: successfully reloaded assembly
- Finished resetting the current domain, in  1.073 seconds
Domain Reload Profiling: 2280ms
	BeginReloadAssembly (464ms)
		ExecutionOrderSort (0ms)
		DisableScriptedObjects (7ms)
		BackupInstance (0ms)
		ReleaseScriptingObjects (0ms)
		CreateAndSetChildDomain (37ms)
	RebuildCommonClasses (38ms)
	RebuildNativeTypeToScriptingClass (12ms)
	initialDomainReloadingComplete (40ms)
	LoadAllAssembliesAndSetupDomain (651ms)
		LoadAssemblies (411ms)
		RebuildTransferFunctionScriptingTraits (0ms)
		AnalyzeDomain (352ms)
			TypeCache.Refresh (231ms)
				TypeCache.ScanAssembly (206ms)
			BuildScriptInfoCaches (104ms)
			ResolveRequiredComponents (13ms)
	FinalizeReload (1073ms)
		ReleaseScriptCaches (0ms)
		RebuildScriptCaches (0ms)
		SetupLoadedEditorAssemblies (793ms)
			LogAssemblyErrors (0ms)
			InitializePlatformSupportModulesInManaged (3ms)
			SetLoadedEditorAssemblies (6ms)
			BeforeProcessingInitializeOnLoad (83ms)
			ProcessInitializeOnLoadAttributes (583ms)
			ProcessInitializeOnLoadMethodAttributes (108ms)
			AfterProcessingInitializeOnLoad (10ms)
			EditorAssembliesLoaded (0ms)
		ExecutionOrderSort2 (0ms)
		AwakeInstancesAfterBackupRestoration (6ms)
Shader Hidden/ProbeVolume/VoxelizeScene is not supported: GPU does not support conservative rasterization
Launched and connected shader compiler UnityShaderCompiler.exe after 0.01 seconds
Refreshing native plugins compatible for Editor in 2.67 ms, found 4 plugins.
Preloading 0 native plugins for Editor in 0.00 ms.
Unloading 217 Unused Serialized files (Serialized files now loaded: 0)
Unloading 6559 unused Assets / (4.5 MB). Loaded Objects now: 7352.
Memory consumption went from 207.7 MB to 203.2 MB.
Total: 12.664100 ms (FindLiveObjects: 1.250400 ms CreateObjectMapping: 1.729200 ms MarkObjects: 6.573800 ms  DeleteObjects: 3.109500 ms)

========================================================================
Received Import Request.
  Time since last request: 14779.236020 seconds.
  path: Assets/2D Hand Painted/Dungeon/Prefabs/Background/Background.prefab
  artifactKey: Guid(55941311e65364d0db81e3106f597c7a) Importer(815301076,1909f56bfc062723c751e8b465ee728b)
Start importing Assets/2D Hand Painted/Dungeon/Prefabs/Background/Background.prefab using Guid(55941311e65364d0db81e3106f597c7a) Importer(815301076,1909f56bfc062723c751e8b465ee728b) (PreviewImporter)Shader error in 'Hand Painted 2D/Sprite No Fog': 'SETUP_DEBUG_DATA_2D': Too few arguments to a macro call. at Assets/2D Hand Painted/$Common/Shaders/Sprite No Fog.shader(190)

Compiling Subshader: 0, Pass: Sprite Lit, Vertex program with <no keywords>
Platform defines: SHADER_API_DESKTOP UNITY_ENABLE_DETAIL_NORMALMAP UNITY_ENABLE_REFLECTION_BUFFERS UNITY_LIGHTMAP_FULL_HDR UNITY_LIGHT_PROBE_PROXY_VOLUME UNITY_PBS_USE_BRDF1 UNITY_PLATFORM_SUPPORTS_DEPTH_FETCH UNITY_SPECCUBE_BLENDING UNITY_SPECCUBE_BOX_PROJECTION UNITY_USE_DITHER_MASK_FOR_ALPHABLENDED_SHADOWS
Disabled keywords: SHADER_API_GLES30 UNITY_ASTC_NORMALMAP_ENCODING UNITY_COLORSPACE_GAMMA UNITY_FRAMEBUFFER_FETCH_AVAILABLE UNITY_HARDWARE_TIER1 UNITY_HARDWARE_TIER2 UNITY_HARDWARE_TIER3 UNITY_LIGHTMAP_DLDR_ENCODING UNITY_LIGHTMAP_RGBM_ENCODING UNITY_METAL_SHADOWS_USE_POINT_FILTERING UNITY_NO_DXT5nm UNITY_NO_SCREENSPACE_SHADOWS UNITY_PBS_USE_BRDF2 UNITY_PBS_USE_BRDF3 UNITY_PRETRANSFORM_TO_DISPLAY_ORIENTATION UNITY_UNIFIED_SHADER_PRECISION_MODEL UNITY_VIRTUAL_TEXTURING USE_SHAPE_LIGHT_TYPE_0 USE_SHAPE_LIGHT_TYPE_1 USE_SHAPE_LIGHT_TYPE_2 USE_SHAPE_LIGHT_TYPE_3
Shader error in 'Hand Painted 2D/Sprite No Fog': 'SETUP_DEBUG_DATA_2D': Too few arguments to a macro call. at Assets/2D Hand Painted/$Common/Shaders/Sprite No Fog.shader(190)

Compiling Subshader: 0, Pass: Sprite Lit, Vertex program with <no keywords>
Platform defines: SHADER_API_DESKTOP UNITY_ENABLE_DETAIL_NORMALMAP UNITY_ENABLE_REFLECTION_BUFFERS UNITY_LIGHTMAP_FULL_HDR UNITY_LIGHT_PROBE_PROXY_VOLUME UNITY_PBS_USE_BRDF1 UNITY_PLATFORM_SUPPORTS_DEPTH_FETCH UNITY_SPECCUBE_BLENDING UNITY_SPECCUBE_BOX_PROJECTION UNITY_USE_DITHER_MASK_FOR_ALPHABLENDED_SHADOWS
Disabled keywords: SHADER_API_GLES30 UNITY_ASTC_NORMALMAP_ENCODING UNITY_COLORSPACE_GAMMA UNITY_FRAMEBUFFER_FETCH_AVAILABLE UNITY_HARDWARE_TIER1 UNITY_HARDWARE_TIER2 UNITY_HARDWARE_TIER3 UNITY_LIGHTMAP_DLDR_ENCODING UNITY_LIGHTMAP_RGBM_ENCODING UNITY_METAL_SHADOWS_USE_POINT_FILTERING UNITY_NO_DXT5nm UNITY_NO_SCREENSPACE_SHADOWS UNITY_PBS_USE_BRDF2 UNITY_PBS_USE_BRDF3 UNITY_PRETRANSFORM_TO_DISPLAY_ORIENTATION UNITY_UNIFIED_SHADER_PRECISION_MODEL UNITY_VIRTUAL_TEXTURING USE_SHAPE_LIGHT_TYPE_0 USE_SHAPE_LIGHT_TYPE_1 USE_SHAPE_LIGHT_TYPE_2 USE_SHAPE_LIGHT_TYPE_3
 -> (artifact id: 'c43276832c29af72f344c00f831efcf7') in 0.5338075 seconds
Number of updated asset objects reloaded before import = 0Number of asset objects unloaded after import = 8

========================================================================
Received Import Request.
  Time since last request: 0.000051 seconds.
  path: Packages/com.unity.render-pipelines.universal/Runtime/Materials/PhysicalMaterial3DsMax/PhysicalMaterial3DsMaxTransparent.shadergraph
  artifactKey: Guid(1a207e3bee00db44b940e6f362a8e148) Importer(815301076,1909f56bfc062723c751e8b465ee728b)
Start importing Packages/com.unity.render-pipelines.universal/Runtime/Materials/PhysicalMaterial3DsMax/PhysicalMaterial3DsMaxTransparent.shadergraph using Guid(1a207e3bee00db44b940e6f362a8e148) Importer(815301076,1909f56bfc062723c751e8b465ee728b) (PreviewImporter) -> (artifact id: '7b421808e971bba182c62e3563ca3995') in 0.3824928 seconds
Number of updated asset objects reloaded before import = 0Number of asset objects unloaded after import = 5

========================================================================
Received Prepare
Assembly with name 'com.ccadori.vectorforestscenerydemo.Runtime' already exists (Assets/all the art stuff/ccadori/Vector Forest Scenery/Demo/Runtime/com.ccadori.vectorforestscenerydemo.Runtime.asmdef)
Assembly with name 'com.ccadori.vectorforestscenerydemo.Runtime' already exists (Assets/ccadori/Vector Forest Scenery/Demo/Runtime/com.ccadori.vectorforestscenerydemo.Runtime.asmdef)
Assembly with name 'com.ccadori.vectorforestscenery.Runtime' already exists (Assets/ccadori/Vector Forest Scenery/Runtime/com.ccadori.vectorforestscenery.Runtime.asmdef)
Assembly with name 'com.ccadori.vectorforestscenery.Runtime' already exists (Assets/all the art stuff/ccadori/Vector Forest Scenery/Runtime/com.ccadori.vectorforestscenery.Runtime.asmdef)
Assembly with name '2DHandPaintedEditor' already exists (Assets/2D Hand Painted/$Common/Editor/2D Hand Painted Editor.asmdef)
Assembly with name '2DHandPaintedEditor' already exists (Assets/all the art stuff/2D Hand Painted/$Common/Editor/2D Hand Painted Editor.asmdef)
Assembly with name '2DHandPainted' already exists (Assets/all the art stuff/2D Hand Painted/2D Hand Painted.asmdef)
Assembly with name '2DHandPainted' already exists (Assets/2D Hand Painted/2D Hand Painted.asmdef)
Assembly with name 'com.ccadori.vectorforestscenerydemo.Runtime' already exists (Assets/all the art stuff/ccadori/Vector Forest Scenery/Demo/Runtime/com.ccadori.vectorforestscenerydemo.Runtime.asmdef)
Assembly with name 'com.ccadori.vectorforestscenerydemo.Runtime' already exists (Assets/ccadori/Vector Forest Scenery/Demo/Runtime/com.ccadori.vectorforestscenerydemo.Runtime.asmdef)
Assembly with name 'com.ccadori.vectorforestscenery.Runtime' already exists (Assets/ccadori/Vector Forest Scenery/Runtime/com.ccadori.vectorforestscenery.Runtime.asmdef)
Assembly with name 'com.ccadori.vectorforestscenery.Runtime' already exists (Assets/all the art stuff/ccadori/Vector Forest Scenery/Runtime/com.ccadori.vectorforestscenery.Runtime.asmdef)
Assembly with name '2DHandPaintedEditor' already exists (Assets/2D Hand Painted/$Common/Editor/2D Hand Painted Editor.asmdef)
Assembly with name '2DHandPaintedEditor' already exists (Assets/all the art stuff/2D Hand Painted/$Common/Editor/2D Hand Painted Editor.asmdef)
Assembly with name '2DHandPainted' already exists (Assets/all the art stuff/2D Hand Painted/2D Hand Painted.asmdef)
Assembly with name '2DHandPainted' already exists (Assets/2D Hand Painted/2D Hand Painted.asmdef)
Begin MonoManager ReloadAssembly
- Loaded All Assemblies, in  0.845 seconds
Assembly with name 'com.ccadori.vectorforestscenerydemo.Runtime' already exists (Assets/all the art stuff/ccadori/Vector Forest Scenery/Demo/Runtime/com.ccadori.vectorforestscenerydemo.Runtime.asmdef)
Assembly with name 'com.ccadori.vectorforestscenerydemo.Runtime' already exists (Assets/ccadori/Vector Forest Scenery/Demo/Runtime/com.ccadori.vectorforestscenerydemo.Runtime.asmdef)
Assembly with name 'com.ccadori.vectorforestscenery.Runtime' already exists (Assets/ccadori/Vector Forest Scenery/Runtime/com.ccadori.vectorforestscenery.Runtime.asmdef)
Assembly with name 'com.ccadori.vectorforestscenery.Runtime' already exists (Assets/all the art stuff/ccadori/Vector Forest Scenery/Runtime/com.ccadori.vectorforestscenery.Runtime.asmdef)
Assembly with name '2DHandPaintedEditor' already exists (Assets/2D Hand Painted/$Common/Editor/2D Hand Painted Editor.asmdef)
Assembly with name '2DHandPaintedEditor' already exists (Assets/all the art stuff/2D Hand Painted/$Common/Editor/2D Hand Painted Editor.asmdef)
Assembly with name '2DHandPainted' already exists (Assets/all the art stuff/2D Hand Painted/2D Hand Painted.asmdef)
Assembly with name '2DHandPainted' already exists (Assets/2D Hand Painted/2D Hand Painted.asmdef)
Refreshing native plugins compatible for Editor in 1.81 ms, found 4 plugins.
Native extension for WindowsStandalone target not found
Assembly with name 'com.ccadori.vectorforestscenerydemo.Runtime' already exists (Assets/all the art stuff/ccadori/Vector Forest Scenery/Demo/Runtime/com.ccadori.vectorforestscenerydemo.Runtime.asmdef)
Assembly with name 'com.ccadori.vectorforestscenerydemo.Runtime' already exists (Assets/ccadori/Vector Forest Scenery/Demo/Runtime/com.ccadori.vectorforestscenerydemo.Runtime.asmdef)
Assembly with name 'com.ccadori.vectorforestscenery.Runtime' already exists (Assets/ccadori/Vector Forest Scenery/Runtime/com.ccadori.vectorforestscenery.Runtime.asmdef)
Assembly with name 'com.ccadori.vectorforestscenery.Runtime' already exists (Assets/all the art stuff/ccadori/Vector Forest Scenery/Runtime/com.ccadori.vectorforestscenery.Runtime.asmdef)
Assembly with name '2DHandPaintedEditor' already exists (Assets/2D Hand Painted/$Common/Editor/2D Hand Painted Editor.asmdef)
Assembly with name '2DHandPaintedEditor' already exists (Assets/all the art stuff/2D Hand Painted/$Common/Editor/2D Hand Painted Editor.asmdef)
Assembly with name '2DHandPainted' already exists (Assets/all the art stuff/2D Hand Painted/2D Hand Painted.asmdef)
Assembly with name '2DHandPainted' already exists (Assets/2D Hand Painted/2D Hand Painted.asmdef)
Mono: successfully reloaded assembly
- Finished resetting the current domain, in  1.033 seconds
Domain Reload Profiling: 1875ms
	BeginReloadAssembly (255ms)
		ExecutionOrderSort (0ms)
		DisableScriptedObjects (33ms)
		BackupInstance (0ms)
		ReleaseScriptingObjects (0ms)
		CreateAndSetChildDomain (66ms)
	RebuildCommonClasses (37ms)
	RebuildNativeTypeToScriptingClass (13ms)
	initialDomainReloadingComplete (29ms)
	LoadAllAssembliesAndSetupDomain (509ms)
		LoadAssemblies (374ms)
		RebuildTransferFunctionScriptingTraits (0ms)
		AnalyzeDomain (242ms)
			TypeCache.Refresh (10ms)
				TypeCache.ScanAssembly (1ms)
			BuildScriptInfoCaches (217ms)
			ResolveRequiredComponents (12ms)
	FinalizeReload (1034ms)
		ReleaseScriptCaches (0ms)
		RebuildScriptCaches (0ms)
		SetupLoadedEditorAssemblies (714ms)
			LogAssemblyErrors (0ms)
			InitializePlatformSupportModulesInManaged (2ms)
			SetLoadedEditorAssemblies (5ms)
			BeforeProcessingInitializeOnLoad (78ms)
			ProcessInitializeOnLoadAttributes (551ms)
			ProcessInitializeOnLoadMethodAttributes (65ms)
			AfterProcessingInitializeOnLoad (12ms)
			EditorAssembliesLoaded (0ms)
		ExecutionOrderSort2 (0ms)
		AwakeInstancesAfterBackupRestoration (14ms)
Shader Hidden/ProbeVolume/VoxelizeScene is not supported: GPU does not support conservative rasterization
Refreshing native plugins compatible for Editor in 1.81 ms, found 4 plugins.
Preloading 0 native plugins for Editor in 0.00 ms.
Unloading 14 Unused Serialized files (Serialized files now loaded: 0)
Unloading 6557 unused Assets / (3.9 MB). Loaded Objects now: 7422.
Memory consumption went from 178.2 MB to 174.3 MB.
Total: 8.461400 ms (FindLiveObjects: 0.793700 ms CreateObjectMapping: 1.116800 ms MarkObjects: 4.595800 ms  DeleteObjects: 1.954500 ms)

Prepare: number of updated asset objects reloaded= 0
========================================================================
Received Import Request.
  Time since last request: 498.500439 seconds.
  path: Assets/Mighty Heroes (Rogue) 2D Fantasy Characters Pack
  artifactKey: Guid(698fa251c77ca6c41bf6fce287be6596) Importer(815301076,1909f56bfc062723c751e8b465ee728b)
Start importing Assets/Mighty Heroes (Rogue) 2D Fantasy Characters Pack using Guid(698fa251c77ca6c41bf6fce287be6596) Importer(815301076,1909f56bfc062723c751e8b465ee728b) (PreviewImporter) -> (artifact id: '1c1849a56821736c61d346646f4fcd99') in 0.0016405 seconds
Number of updated asset objects reloaded before import = 0Number of asset objects unloaded after import = 0

========================================================================
Received Import Request.
  Time since last request: 8.646934 seconds.
  path: Assets/all the art stuff/Tasty_Characters - Castle Pack/Assets/Prefabs/Chara_01.prefab
  artifactKey: Guid(79639b84e20f0ea4694165c0d4554387) Importer(815301076,1909f56bfc062723c751e8b465ee728b)
Start importing Assets/all the art stuff/Tasty_Characters - Castle Pack/Assets/Prefabs/Chara_01.prefab using Guid(79639b84e20f0ea4694165c0d4554387) Importer(815301076,1909f56bfc062723c751e8b465ee728b) (PreviewImporter) -> (artifact id: '2ecbd94c85f5cb7a3e31606cc0ce3a2f') in 0.5117104 seconds
Number of updated asset objects reloaded before import = 0Number of asset objects unloaded after import = 57

========================================================================
Received Import Request.
  Time since last request: 0.000041 seconds.
  path: Assets/all the art stuff/Tasty_Characters - Castle Pack/Assets/Prefabs/Chara_14.prefab
  artifactKey: Guid(8bf00f738ad5d484fad95a99c54fa44c) Importer(815301076,1909f56bfc062723c751e8b465ee728b)
Start importing Assets/all the art stuff/Tasty_Characters - Castle Pack/Assets/Prefabs/Chara_14.prefab using Guid(8bf00f738ad5d484fad95a99c54fa44c) Importer(815301076,1909f56bfc062723c751e8b465ee728b) (PreviewImporter) -> (artifact id: 'ca98a2715f6de9383b2624bd187c697d') in 0.0148426 seconds
Number of updated asset objects reloaded before import = 0Number of asset objects unloaded after import = 54

========================================================================
Received Import Request.
  Time since last request: 0.000045 seconds.
  path: Assets/all the art stuff/Tasty_Characters - Castle Pack/Assets/Prefabs/Chara_13.prefab
  artifactKey: Guid(35b0947ad8031c044a8d63699d7fe215) Importer(815301076,1909f56bfc062723c751e8b465ee728b)
Start importing Assets/all the art stuff/Tasty_Characters - Castle Pack/Assets/Prefabs/Chara_13.prefab using Guid(35b0947ad8031c044a8d63699d7fe215) Importer(815301076,1909f56bfc062723c751e8b465ee728b) (PreviewImporter) -> (artifact id: '625edaa4ffeb999f5ae2dac5f31c1c73') in 0.0138212 seconds
Number of updated asset objects reloaded before import = 0Number of asset objects unloaded after import = 42

========================================================================
Received Import Request.
  Time since last request: 0.000025 seconds.
  path: Assets/all the art stuff/Tasty_Characters - Castle Pack/Assets/Prefabs/Chara_12.prefab
  artifactKey: Guid(e0627ac7941b511479d40b02ceb672f8) Importer(815301076,1909f56bfc062723c751e8b465ee728b)
Start importing Assets/all the art stuff/Tasty_Characters - Castle Pack/Assets/Prefabs/Chara_12.prefab using Guid(e0627ac7941b511479d40b02ceb672f8) Importer(815301076,1909f56bfc062723c751e8b465ee728b) (PreviewImporter) -> (artifact id: 'f410a8efa82f0b41789694582ec106bf') in 0.0135756 seconds
Number of updated asset objects reloaded before import = 0Number of asset objects unloaded after import = 51

========================================================================
Received Import Request.
  Time since last request: 0.000021 seconds.
  path: Assets/all the art stuff/Tasty_Characters - Castle Pack/Assets/Prefabs/Chara_06.prefab
  artifactKey: Guid(7107c018d7a73af459cb58c37fd6972a) Importer(815301076,1909f56bfc062723c751e8b465ee728b)
Start importing Assets/all the art stuff/Tasty_Characters - Castle Pack/Assets/Prefabs/Chara_06.prefab using Guid(7107c018d7a73af459cb58c37fd6972a) Importer(815301076,1909f56bfc062723c751e8b465ee728b) (PreviewImporter) -> (artifact id: '38859e033727f4c47b91fab0caf43d0d') in 0.0139668 seconds
Number of updated asset objects reloaded before import = 0Number of asset objects unloaded after import = 58

========================================================================
Received Import Request.
  Time since last request: 0.000029 seconds.
  path: Assets/all the art stuff/Tasty_Characters - Castle Pack/Assets/Prefabs/Chara_03.prefab
  artifactKey: Guid(646797e349ba9a849b35f2a8b20fa3d4) Importer(815301076,1909f56bfc062723c751e8b465ee728b)
Start importing Assets/all the art stuff/Tasty_Characters - Castle Pack/Assets/Prefabs/Chara_03.prefab using Guid(646797e349ba9a849b35f2a8b20fa3d4) Importer(815301076,1909f56bfc062723c751e8b465ee728b) (PreviewImporter) -> (artifact id: '6e1eec015215b504b9d5b9ed64f39bf5') in 0.0157715 seconds
Number of updated asset objects reloaded before import = 0Number of asset objects unloaded after import = 87

========================================================================
Received Import Request.
  Time since last request: 0.000024 seconds.
  path: Assets/all the art stuff/Tasty_Characters - Castle Pack/Assets/Prefabs/Chara_04.prefab
  artifactKey: Guid(ed3c152aba85638429bf8b50e4c24c64) Importer(815301076,1909f56bfc062723c751e8b465ee728b)
Start importing Assets/all the art stuff/Tasty_Characters - Castle Pack/Assets/Prefabs/Chara_04.prefab using Guid(ed3c152aba85638429bf8b50e4c24c64) Importer(815301076,1909f56bfc062723c751e8b465ee728b) (PreviewImporter) -> (artifact id: '2c052574d82132f38dceda3fcc60f11e') in 0.0141019 seconds
Number of updated asset objects reloaded before import = 0Number of asset objects unloaded after import = 50

========================================================================
Received Import Request.
  Time since last request: 0.000028 seconds.
  path: Assets/all the art stuff/Tasty_Characters - Castle Pack/Assets/Prefabs/Chara_15.prefab
  artifactKey: Guid(a43414e7a355b304db774a169cfa04bb) Importer(815301076,1909f56bfc062723c751e8b465ee728b)
Start importing Assets/all the art stuff/Tasty_Characters - Castle Pack/Assets/Prefabs/Chara_15.prefab using Guid(a43414e7a355b304db774a169cfa04bb) Importer(815301076,1909f56bfc062723c751e8b465ee728b) (PreviewImporter) -> (artifact id: 'a45e3f3e24adc5264666bd555da61e0f') in 0.0138767 seconds
Number of updated asset objects reloaded before import = 0Number of asset objects unloaded after import = 47

Editor requested this worker to shutdown with reason: Scaling down because of idle timeout
AssetImportWorker is now disconnected from the server
Process exiting
Exiting without the bug reporter. Application will terminate with return code 0